[debug] [2023-01-11T06:02:31.691Z] ----------------------------------------------------------------------
[debug] [2023-01-11T06:02:31.694Z] Command:       C:\Program Files\nodejs\node.exe C:\Users\ASUS\AppData\Roaming\npm\node_modules\firebase-tools\lib\bin\firebase.js deploy
[debug] [2023-01-11T06:02:31.695Z] CLI Version:   11.20.0
[debug] [2023-01-11T06:02:31.695Z] Platform:      win32
[debug] [2023-01-11T06:02:31.695Z] Node Version:  v18.13.0
[debug] [2023-01-11T06:02:31.696Z] Time:          Wed Jan 11 2023 11:32:31 GMT+0530 (India Standard Time)
[debug] [2023-01-11T06:02:31.696Z] ----------------------------------------------------------------------
[debug] 
[debug] [2023-01-11T06:02:31.790Z] > command requires scopes: ["email","openid","https://www.googleapis.com/auth/cloudplatformprojects.readonly","https://www.googleapis.com/auth/firebase","https://www.googleapis.com/auth/cloud-platform"]
[debug] [2023-01-11T06:02:31.790Z] > authorizing via signed-in user (storebox1.ca@gmail.com)
[debug] [2023-01-11T06:02:31.791Z] [iam] checking project ca-dtp-react for permissions ["firebase.projects.get","firebasedatabase.instances.update","firebasehosting.sites.update"]
[debug] [2023-01-11T06:02:31.793Z] > refreshing access token with scopes: []
[debug] [2023-01-11T06:02:31.799Z] >>> [apiv2][query] POST https://www.googleapis.com/oauth2/v3/token [none]
[debug] [2023-01-11T06:02:31.799Z] >>> [apiv2][body] POST https://www.googleapis.com/oauth2/v3/token [omitted]
[debug] [2023-01-11T06:02:32.090Z] <<< [apiv2][status] POST https://www.googleapis.com/oauth2/v3/token 200
[debug] [2023-01-11T06:02:32.090Z] <<< [apiv2][body] POST https://www.googleapis.com/oauth2/v3/token [omitted]
[debug] [2023-01-11T06:02:32.099Z] >>> [apiv2][query] POST https://cloudresourcemanager.googleapis.com/v1/projects/ca-dtp-react:testIamPermissions [none]
[debug] [2023-01-11T06:02:32.099Z] >>> [apiv2][(partial)header] POST https://cloudresourcemanager.googleapis.com/v1/projects/ca-dtp-react:testIamPermissions x-goog-quota-user=projects/ca-dtp-react
[debug] [2023-01-11T06:02:32.100Z] >>> [apiv2][body] POST https://cloudresourcemanager.googleapis.com/v1/projects/ca-dtp-react:testIamPermissions {"permissions":["firebase.projects.get","firebasedatabase.instances.update","firebasehosting.sites.update"]}
[debug] [2023-01-11T06:02:33.602Z] <<< [apiv2][status] POST https://cloudresourcemanager.googleapis.com/v1/projects/ca-dtp-react:testIamPermissions 200
[debug] [2023-01-11T06:02:33.603Z] <<< [apiv2][body] POST https://cloudresourcemanager.googleapis.com/v1/projects/ca-dtp-react:testIamPermissions {"permissions":["firebase.projects.get","firebasedatabase.instances.update","firebasehosting.sites.update"]}
[debug] [2023-01-11T06:02:33.604Z] >>> [apiv2][query] GET https://firebase.googleapis.com/v1beta1/projects/ca-dtp-react [none]
[debug] [2023-01-11T06:02:34.103Z] <<< [apiv2][status] GET https://firebase.googleapis.com/v1beta1/projects/ca-dtp-react 200
[debug] [2023-01-11T06:02:34.103Z] <<< [apiv2][body] GET https://firebase.googleapis.com/v1beta1/projects/ca-dtp-react {"projectId":"ca-dtp-react","projectNumber":"335756138928","displayName":"ca-dtp-react","name":"projects/ca-dtp-react","resources":{"hostingSite":"ca-dtp-react","realtimeDatabaseInstance":"ca-dtp-react-default-rtdb"},"state":"ACTIVE","etag":"1_6196a955-6154-4a92-8240-2428ec996ce9"}
[debug] [2023-01-11T06:02:34.104Z] >>> [apiv2][query] GET https://firebase.googleapis.com/v1beta1/projects/ca-dtp-react [none]
[debug] [2023-01-11T06:02:34.631Z] <<< [apiv2][status] GET https://firebase.googleapis.com/v1beta1/projects/ca-dtp-react 200
[debug] [2023-01-11T06:02:34.631Z] <<< [apiv2][body] GET https://firebase.googleapis.com/v1beta1/projects/ca-dtp-react {"projectId":"ca-dtp-react","projectNumber":"335756138928","displayName":"ca-dtp-react","name":"projects/ca-dtp-react","resources":{"hostingSite":"ca-dtp-react","realtimeDatabaseInstance":"ca-dtp-react-default-rtdb"},"state":"ACTIVE","etag":"1_6196a955-6154-4a92-8240-2428ec996ce9"}
[info] 
[info] === Deploying to 'ca-dtp-react'...
[info] 
[info] i  deploying database, hosting 
[info] i  database: checking rules syntax... 
[debug] [2023-01-11T06:02:34.637Z] >>> [apiv2][query] GET https://firebasedatabase.googleapis.com/v1beta/projects/ca-dtp-react/locations/-/instances/ca-dtp-react-default-rtdb [none]
[debug] [2023-01-11T06:02:36.412Z] <<< [apiv2][status] GET https://firebasedatabase.googleapis.com/v1beta/projects/ca-dtp-react/locations/-/instances/ca-dtp-react-default-rtdb 200
[debug] [2023-01-11T06:02:36.413Z] <<< [apiv2][body] GET https://firebasedatabase.googleapis.com/v1beta/projects/ca-dtp-react/locations/-/instances/ca-dtp-react-default-rtdb {"name":"projects/335756138928/locations/us-central1/instances/ca-dtp-react-default-rtdb","project":"projects/335756138928","databaseUrl":"https://ca-dtp-react-default-rtdb.firebaseio.com","type":"DEFAULT_DATABASE","state":"ACTIVE"}
[debug] [2023-01-11T06:02:36.415Z] >>> [apiv2][query] PUT https://ca-dtp-react-default-rtdb.firebaseio.com/.settings/rules.json dryRun=true
[debug] [2023-01-11T06:02:36.415Z] >>> [apiv2][body] PUT https://ca-dtp-react-default-rtdb.firebaseio.com/.settings/rules.json "{\n  /* Visit https://firebase.google.com/docs/database/security to learn more about security rules. */\n  \"rules\": {\n    \".read\": false,\n    \".write\": false\n  }\n}"
[debug] [2023-01-11T06:02:37.127Z] <<< [apiv2][status] PUT https://ca-dtp-react-default-rtdb.firebaseio.com/.settings/rules.json 200
[debug] [2023-01-11T06:02:37.128Z] <<< [apiv2][body] PUT https://ca-dtp-react-default-rtdb.firebaseio.com/.settings/rules.json {"status":"ok"}
[info] +  database: rules syntax for database ca-dtp-react-default-rtdb is valid 
[debug] [2023-01-11T06:02:37.136Z] >>> [apiv2][query] POST https://firebasehosting.googleapis.com/v1beta1/projects/-/sites/ca-dtp-react/versions [none]
[debug] [2023-01-11T06:02:37.136Z] >>> [apiv2][body] POST https://firebasehosting.googleapis.com/v1beta1/projects/-/sites/ca-dtp-react/versions {"status":"CREATED","labels":{"deployment-tool":"cli-firebase"}}
[debug] [2023-01-11T06:02:38.639Z] <<< [apiv2][status] POST https://firebasehosting.googleapis.com/v1beta1/projects/-/sites/ca-dtp-react/versions 200
[debug] [2023-01-11T06:02:38.639Z] <<< [apiv2][body] POST https://firebasehosting.googleapis.com/v1beta1/projects/-/sites/ca-dtp-react/versions {"name":"projects/335756138928/sites/ca-dtp-react/versions/359b224828fa3052","status":"CREATED","config":{},"labels":{"deployment-tool":"cli-firebase"}}
[info] i  hosting[ca-dtp-react]: beginning deploy... 
[info] i  hosting[ca-dtp-react]: found 35 files in build 
[debug] [2023-01-11T06:02:38.670Z] [hosting] uploading with 200 concurrency
[debug] [2023-01-11T06:02:38.672Z] [hosting] hash cache [YnVpbGQ] not populated
[debug] [2023-01-11T06:02:38.944Z] [hosting] hash cache [YnVpbGQ] stored for 35 files
[debug] [2023-01-11T06:02:38.945Z] [hosting][hash queue][FINAL] {"max":253,"min":48,"avg":91.77142857142857,"active":0,"complete":35,"success":35,"errored":0,"retried":0,"total":35,"elapsed":270}
[debug] [2023-01-11T06:02:38.945Z] >>> [apiv2][query] POST https://firebasehosting.googleapis.com/v1beta1/projects/335756138928/sites/ca-dtp-react/versions/359b224828fa3052:populateFiles [none]
[debug] [2023-01-11T06:02:38.945Z] >>> [apiv2][body] POST https://firebasehosting.googleapis.com/v1beta1/projects/335756138928/sites/ca-dtp-react/versions/359b224828fa3052:populateFiles {"files":{"/asset-manifest.json":"0a0b8e64529a143ed19ea0186084edc6fb0fba58fddf03d336d8e42dcde5092d","/index.html":"96a05d10068599f71da0e77bd37048b58d02cc1023c38b15efb9d568f8f1ba1c","/robots.txt":"bfe106a3fb878dc83461c86818bf74fc1bdc7f28538ba613cd3e775516ce8b49","/manifest.json":"a40a4294484385ec155814f7d72caf5967a19f5efcbedf7a62b2cdff07e42711","/fonts/OFL.txt":"6ab08d825729f495fbdeac17d5fdcd9bb41e0c88a139fdcfc82556498fd5ed4d","/images/Placeholder Circle.png":"e30e99948f3b7f25bade0076cd6b295971e4e963c06c7f11465ae9003dbb7aad","/images/Placeholder Square.png":"f4a17d896ce23da422e413b89d71933aafbb137e558e9f1187a639efe7372620","/static/js/787.c0e00cfb.chunk.js":"e9eb2299b70a14a20eaa231462bbf83309df73b02d749cc0a4641132b272f16e","/testData/roles.json":"d1012e743c2b570f6ba5ccbbf359beea7d4c01597f847d265c1f40990847aca0","/testData/subroles.json":"135926edb6373729893c35fce34b6d896dede717f001bfd3a075d793685edccf","/static/js/main.d643e633.js.LICENSE.txt":"db4dc3fa34a216769b236041e5af0b949d68abea4c2bfd5a7662fcb8071614dd","/static/js/787.c0e00cfb.chunk.js.map":"695d749b126625f692c934507e5360a7490231e22e48337784de6a4bfd302663","/fonts/Staatliches-Regular.ttf":"ec8579fc5fd651c2017b1a07059d13f2490987dd04a3b9d9b956fa8fcd3f01d2","/static/css/main.5f5bc191.css":"b82c08f6b0578d74b9e32f97a2996e2eb942fe12dfd1bbb2301971fa5f1146d4","/fonts/Poppins-Black.ttf":"adb15f650ecdd60b9b7272b3fc5cbdc5e34eb2348e57667acfc0f72324392722","/fonts/Poppins-Bold.ttf":"b7825fbc8e745ecf82d89e2319d824fb8563e72e476860396d3cd3afa33be2a7","/fonts/Poppins-BlackItalic.ttf":"d0a368b9699851911fef6894907363a4d16792189ee25995b11e3d63dd395259","/fonts/Poppins-ExtraLight.ttf":"b95f0393bafb6687d663da11154801ca60b6fe96c70e1796c9b441ccee1d2819","/fonts/Poppins-Italic.ttf":"c424f376b1a7edcaf4f586acccb31f1d8adfd163381c54adcc02bbaebbfef09a","/fonts/Poppins-BoldItalic.ttf":"0dddee2214a45131bce3f4b9ed9032909be338325fc41243d65f4a2b017d899e","/fonts/Poppins-Light.ttf":"3eb89e08448bd48cf4a177cb6e0097bb65f328e098b6b22afe939af49520b5d8","/fonts/Poppins-Medium.ttf":"9419198af572c9e3e641cdd14d24dd603a6a640ad9d196b05ec333ee71dff2f8","/fonts/Poppins-ExtraBoldItalic.ttf":"b39c596fffb78b23e579523f46f73abe954af43c9ce695e193646b155dcb5e24","/fonts/Poppins-Regular.ttf":"eb452d878bcf994bfbc5917276f7822adbbff25a0d68ed2311325ada1d01f240","/fonts/Poppins-ExtraLightItalic.ttf":"afdb84233a3681cb51d5ede760c3cf6441fe235190cd7b79ac430fed7223bd7f","/fonts/Poppins-ExtraBold.ttf":"f751f88b879012b0e791dc5d4efd24edf2d406c8b9dcd763692e5b65adadc9ae","/fonts/Poppins-LightItalic.ttf":"45b3e5cf11f44bc1547cf9b27771837f91107038d21c5bb28698f7e22b41421c","/fonts/Poppins-MediumItalic.ttf":"655358a53f4de3e33be8870a3a4db6eac424492b4f33f8ccb37b194dcecc14e9","/fonts/Poppins-ThinItalic.ttf":"3a39097dcf0e2e16f6fd22c9cb99fc391507592e9e5bbb0ae99dcf3c98f59d7c","/fonts/Poppins-Thin.ttf":"550f4047fbd49b38c54843f44f2bd96483541eee8d8e6ce78a6f64b10e6d940a","/fonts/Poppins-SemiBold.ttf":"cce39ac285e2ae09d90699d59d6ccfad0a4717b7f9a9cbe43b4962428403b707","/fonts/Poppins-SemiBoldItalic.ttf":"b5976bd84b6ee82c2581d0a6e7c887190ca78d14e811ec4d7a1c43aa64bed653","/static/js/main.d643e633.js":"986fb23b9abe3eb197938680d087ead60a0fe09b46467921cb4907f654e7d543","/static/css/main.5f5bc191.css.map":"2889b8e63bedf3e9663cc66801a620eec6dd0bb4556fa58ad36f2be398701aa2","/static/js/main.d643e633.js.map":"de9a96a92e3695e7cce133eddcd7881635370b985661cf9f2c5e5ba1420d1b5b"}}
[debug] [2023-01-11T06:02:40.154Z] <<< [apiv2][status] POST https://firebasehosting.googleapis.com/v1beta1/projects/335756138928/sites/ca-dtp-react/versions/359b224828fa3052:populateFiles 200
[debug] [2023-01-11T06:02:40.154Z] <<< [apiv2][body] POST https://firebasehosting.googleapis.com/v1beta1/projects/335756138928/sites/ca-dtp-react/versions/359b224828fa3052:populateFiles {"uploadRequiredHashes":["2889b8e63bedf3e9663cc66801a620eec6dd0bb4556fa58ad36f2be398701aa2","0a0b8e64529a143ed19ea0186084edc6fb0fba58fddf03d336d8e42dcde5092d","96a05d10068599f71da0e77bd37048b58d02cc1023c38b15efb9d568f8f1ba1c","a40a4294484385ec155814f7d72caf5967a19f5efcbedf7a62b2cdff07e42711","d1012e743c2b570f6ba5ccbbf359beea7d4c01597f847d265c1f40990847aca0","986fb23b9abe3eb197938680d087ead60a0fe09b46467921cb4907f654e7d543","b82c08f6b0578d74b9e32f97a2996e2eb942fe12dfd1bbb2301971fa5f1146d4","de9a96a92e3695e7cce133eddcd7881635370b985661cf9f2c5e5ba1420d1b5b","135926edb6373729893c35fce34b6d896dede717f001bfd3a075d793685edccf"],"uploadUrl":"https://upload-firebasehosting.googleapis.com/upload/sites/ca-dtp-react/versions/359b224828fa3052/files"}
[debug] [2023-01-11T06:02:40.157Z] >>> [apiv2][query] POST https://upload-firebasehosting.googleapis.com/upload/sites/ca-dtp-react/versions/359b224828fa3052/files/2889b8e63bedf3e9663cc66801a620eec6dd0bb4556fa58ad36f2be398701aa2 [none]
[debug] [2023-01-11T06:02:40.157Z] >>> [apiv2][body] POST https://upload-firebasehosting.googleapis.com/upload/sites/ca-dtp-react/versions/359b224828fa3052/files/2889b8e63bedf3e9663cc66801a620eec6dd0bb4556fa58ad36f2be398701aa2 [stream]
[debug] [2023-01-11T06:02:40.159Z] >>> [apiv2][query] POST https://upload-firebasehosting.googleapis.com/upload/sites/ca-dtp-react/versions/359b224828fa3052/files/0a0b8e64529a143ed19ea0186084edc6fb0fba58fddf03d336d8e42dcde5092d [none]
[debug] [2023-01-11T06:02:40.159Z] >>> [apiv2][body] POST https://upload-firebasehosting.googleapis.com/upload/sites/ca-dtp-react/versions/359b224828fa3052/files/0a0b8e64529a143ed19ea0186084edc6fb0fba58fddf03d336d8e42dcde5092d [stream]
[debug] [2023-01-11T06:02:40.161Z] >>> [apiv2][query] POST https://upload-firebasehosting.googleapis.com/upload/sites/ca-dtp-react/versions/359b224828fa3052/files/96a05d10068599f71da0e77bd37048b58d02cc1023c38b15efb9d568f8f1ba1c [none]
[debug] [2023-01-11T06:02:40.162Z] >>> [apiv2][body] POST https://upload-firebasehosting.googleapis.com/upload/sites/ca-dtp-react/versions/359b224828fa3052/files/96a05d10068599f71da0e77bd37048b58d02cc1023c38b15efb9d568f8f1ba1c [stream]
[debug] [2023-01-11T06:02:40.163Z] >>> [apiv2][query] POST https://upload-firebasehosting.googleapis.com/upload/sites/ca-dtp-react/versions/359b224828fa3052/files/a40a4294484385ec155814f7d72caf5967a19f5efcbedf7a62b2cdff07e42711 [none]
[debug] [2023-01-11T06:02:40.163Z] >>> [apiv2][body] POST https://upload-firebasehosting.googleapis.com/upload/sites/ca-dtp-react/versions/359b224828fa3052/files/a40a4294484385ec155814f7d72caf5967a19f5efcbedf7a62b2cdff07e42711 [stream]
[debug] [2023-01-11T06:02:40.165Z] >>> [apiv2][query] POST https://upload-firebasehosting.googleapis.com/upload/sites/ca-dtp-react/versions/359b224828fa3052/files/d1012e743c2b570f6ba5ccbbf359beea7d4c01597f847d265c1f40990847aca0 [none]
[debug] [2023-01-11T06:02:40.165Z] >>> [apiv2][body] POST https://upload-firebasehosting.googleapis.com/upload/sites/ca-dtp-react/versions/359b224828fa3052/files/d1012e743c2b570f6ba5ccbbf359beea7d4c01597f847d265c1f40990847aca0 [stream]
[debug] [2023-01-11T06:02:40.167Z] >>> [apiv2][query] POST https://upload-firebasehosting.googleapis.com/upload/sites/ca-dtp-react/versions/359b224828fa3052/files/986fb23b9abe3eb197938680d087ead60a0fe09b46467921cb4907f654e7d543 [none]
[debug] [2023-01-11T06:02:40.167Z] >>> [apiv2][body] POST https://upload-firebasehosting.googleapis.com/upload/sites/ca-dtp-react/versions/359b224828fa3052/files/986fb23b9abe3eb197938680d087ead60a0fe09b46467921cb4907f654e7d543 [stream]
[debug] [2023-01-11T06:02:40.168Z] >>> [apiv2][query] POST https://upload-firebasehosting.googleapis.com/upload/sites/ca-dtp-react/versions/359b224828fa3052/files/b82c08f6b0578d74b9e32f97a2996e2eb942fe12dfd1bbb2301971fa5f1146d4 [none]
[debug] [2023-01-11T06:02:40.168Z] >>> [apiv2][body] POST https://upload-firebasehosting.googleapis.com/upload/sites/ca-dtp-react/versions/359b224828fa3052/files/b82c08f6b0578d74b9e32f97a2996e2eb942fe12dfd1bbb2301971fa5f1146d4 [stream]
[debug] [2023-01-11T06:02:40.170Z] >>> [apiv2][query] POST https://upload-firebasehosting.googleapis.com/upload/sites/ca-dtp-react/versions/359b224828fa3052/files/de9a96a92e3695e7cce133eddcd7881635370b985661cf9f2c5e5ba1420d1b5b [none]
[debug] [2023-01-11T06:02:40.170Z] >>> [apiv2][body] POST https://upload-firebasehosting.googleapis.com/upload/sites/ca-dtp-react/versions/359b224828fa3052/files/de9a96a92e3695e7cce133eddcd7881635370b985661cf9f2c5e5ba1420d1b5b [stream]
[debug] [2023-01-11T06:02:40.172Z] >>> [apiv2][query] POST https://upload-firebasehosting.googleapis.com/upload/sites/ca-dtp-react/versions/359b224828fa3052/files/135926edb6373729893c35fce34b6d896dede717f001bfd3a075d793685edccf [none]
[debug] [2023-01-11T06:02:40.172Z] >>> [apiv2][body] POST https://upload-firebasehosting.googleapis.com/upload/sites/ca-dtp-react/versions/359b224828fa3052/files/135926edb6373729893c35fce34b6d896dede717f001bfd3a075d793685edccf [stream]
[debug] [2023-01-11T06:02:40.174Z] [hosting][populate queue][FINAL] {"max":1216,"min":1216,"avg":1216,"active":0,"complete":1,"success":1,"errored":0,"retried":0,"total":1,"elapsed":1233}
[debug] [2023-01-11T06:02:40.174Z] [hosting] uploads queued: 9
